<?xml version="1.0" encoding="UTF-8"?>
<testng-results ignored="0" total="1" passed="1" failed="0" skipped="0">
  <reporter-output>
  </reporter-output>
  <suite started-at="2022-06-12T21:23:43 IST" name="Default suite" finished-at="2022-06-12T21:23:58 IST" duration-ms="14653">
    <groups>
    </groups>
    <test started-at="2022-06-12T21:23:43 IST" name="Default test" finished-at="2022-06-12T21:23:58 IST" duration-ms="14653">
      <class name="com.cb.qa.testcases.LoginpageTest">
        <test-method is-config="true" signature="setUp()[pri:0, instance:com.cb.qa.testcases.LoginpageTest@771a660]" started-at="2022-06-12T21:23:43 IST" name="setUp" finished-at="2022-06-12T21:23:51 IST" duration-ms="7379" status="PASS">
          <reporter-output>
          </reporter-output>
        </test-method> <!-- setUp -->
        <test-method signature="loginTest()[pri:1, instance:com.cb.qa.testcases.LoginpageTest@771a660]" started-at="2022-06-12T21:23:51 IST" name="loginTest" finished-at="2022-06-12T21:23:57 IST" duration-ms="6711" status="PASS">
          <reporter-output>
          </reporter-output>
        </test-method> <!-- loginTest -->
        <test-method is-config="true" signature="tearDown()[pri:0, instance:com.cb.qa.testcases.LoginpageTest@771a660]" started-at="2022-06-12T21:23:57 IST" name="tearDown" finished-at="2022-06-12T21:23:58 IST" duration-ms="478" status="PASS">
          <reporter-output>
          </reporter-output>
        </test-method> <!-- tearDown -->
      </class> <!-- com.cb.qa.testcases.LoginpageTest -->
    </test> <!-- Default test -->
  </suite> <!-- Default suite -->
</testng-results>
